Demo/build/outputs/logs/manifest-merger-debug-report.txt
-- Merging decision tree log ---
manifest
ADDED from Asmack\Demo\AndroidManifest.xml:2:1-50:12
	package
		ADDED from Asmack\Demo\AndroidManifest.xml:3:5-23
	android:versionName
		ADDED from Asmack\Demo\AndroidManifest.xml:5:5-30
		INJECTED from Asmack\Demo\AndroidManifest.xml
		INJECTED from Asmack\Demo\AndroidManifest.xml
	android:versionCode
		ADDED from Asmack\Demo\AndroidManifest.xml:4:5-28
		INJECTED from Asmack\Demo\AndroidManifest.xml
		INJECTED from Asmack\Demo\AndroidManifest.xml
	xmlns:android
		ADDED from Asmack\Demo\AndroidManifest.xml:2:11-69
uses-sdk
ADDED from Asmack\Demo\AndroidManifest.xml:7:5-9:41
	android:targetSdkVersion
		ADDED from Asmack\Demo\AndroidManifest.xml:9:9-38
	android:minSdkVersion
		ADDED from Asmack\Demo\AndroidManifest.xml:8:9-34
application
ADDED from Asmack\Demo\AndroidManifest.xml:11:5-42:19
	android:allowBackup
		ADDED from Asmack\Demo\AndroidManifest.xml:13:9-35
	android:theme
		ADDED from Asmack\Demo\AndroidManifest.xml:14:9-40
	android:name
		ADDED from Asmack\Demo\AndroidManifest.xml:12:9-38
activity#com.demo.activity.MainAcy
ADDED from Asmack\Demo\AndroidManifest.xml:15:9-23:20
	android:label
		ADDED from Asmack\Demo\AndroidManifest.xml:17:13-45
	android:name
		ADDED from Asmack\Demo\AndroidManifest.xml:16:13-53
intent-filter#android.intent.action.MAIN+android.intent.category.LAUNCHER
ADDED from Asmack\Demo\AndroidManifest.xml:18:13-22:29
action#android.intent.action.MAIN
ADDED from Asmack\Demo\AndroidManifest.xml:19:17-69
	android:name
		ADDED from Asmack\Demo\AndroidManifest.xml:19:25-66
category#android.intent.category.LAUNCHER
ADDED from Asmack\Demo\AndroidManifest.xml:21:17-77
	android:name
		ADDED from Asmack\Demo\AndroidManifest.xml:21:27-74
activity#com.demo.activity.FriendsAcy
ADDED from Asmack\Demo\AndroidManifest.xml:24:9-27:20
	android:label
		ADDED from Asmack\Demo\AndroidManifest.xml:26:13-45
	android:name
		ADDED from Asmack\Demo\AndroidManifest.xml:25:13-56
activity#com.demo.activity.TalkAcy
ADDED from Asmack\Demo\AndroidManifest.xml:28:9-31:20
	android:label
		ADDED from Asmack\Demo\AndroidManifest.xml:30:13-45
	android:name
		ADDED from Asmack\Demo\AndroidManifest.xml:29:13-53
activity#com.demo.activity.SearchAcy
ADDED from Asmack\Demo\AndroidManifest.xml:33:9-36:20
	android:label
		ADDED from Asmack\Demo\AndroidManifest.xml:35:13-45
	android:name
		ADDED from Asmack\Demo\AndroidManifest.xml:34:13-55
service#com.demo.service.ConnecService
ADDED from Asmack\Demo\AndroidManifest.xml:38:9-41:19
	android:label
		ADDED from Asmack\Demo\AndroidManifest.xml:40:13-45
	android:name
		ADDED from Asmack\Demo\AndroidManifest.xml:39:13-58
uses-permission#android.permission.ACCESS_NETWORK_STATE
ADDED from Asmack\Demo\AndroidManifest.xml:44:5-79
	android:name
		ADDED from Asmack\Demo\AndroidManifest.xml:44:22-76
uses-permission#android.permission.INTERNET
ADDED from Asmack\Demo\AndroidManifest.xml:45:5-67
	android:name
		ADDED from Asmack\Demo\AndroidManifest.xml:45:22-64
uses-permission#android.permission.Re
ADDED from Asmack\Demo\AndroidManifest.xml:46:5-61
	android:name
		ADDED from Asmack\Demo\AndroidManifest.xml:46:22-58
uses-permission#android.permission.WRITE_EXTERNAL_STORAGE
ADDED from Asmack\Demo\AndroidManifest.xml:47:5-81
	android:name
		ADDED from Asmack\Demo\AndroidManifest.xml:47:22-78
uses-permission#android.permission.MOUNT_UNMOUNT_FILESYSTEMS
ADDED from Asmack\Demo\AndroidManifest.xml:48:5-84
	android:name
		ADDED from Asmack\Demo\AndroidManifest.xml:48:22-81